2025-07-08 22:19:15 - 
========================================
=== AI EDUCATION DEBATE ===
========================================
2025-07-08 22:19:15 - 
----------------------------------------
TOPIC: AI should be widely used in education
----------------------------------------
2025-07-08 22:19:15 - 
========================================
ROUND 1
========================================
2025-07-08 22:19:32 - 
----------------------------------------
CON:
While I understand the potential benefits of integrating technology into learning environments, it's crucial to recognize that an overreliance on artificial intelligence can erode essential critical thinking abilities in students. By diminishing their need to analyze and solve problems independently, AI may hinder intellectual growth rather than foster it within educational settings.


In opposition of the argument for widespinning AI use in education due to concerns that overuse could reduce critical thinking skills among learners: The reliance on artificial intelligence (AI) tools can create a dependency where students become passive recipients instead of active participants in their learning journey, thereby impeding the development and honing of crucial analytical abilities. AI's role should be to enhance education by providing supplementary support for complex concepts rather than replacing human interaction or independent thought processes that are vital for cultivating a well-rounded educational experience.
----------------------------------------
2025-07-08 22:19:41 - 
----------------------------------------
PRO:
I acknowledge the concern about potential overreliance on AI, but it's important to note that automated grading actually frees up educators’ time for more meaningful interactions with students and personalized guidance—a key component of fostering critical thinking skills alongside technology use. Furthermore, when used as a tool rather than a crutch, AI can encourage exploration by presenting challenges just beyond the student's current capabilities, promoting growth in independent problem-solving abilities.
----------------------------------------
2025-07-08 22:19:41 - 
========================================
ROUND 2
========================================
2025-07-08 22:19:47 - 
----------------------------------------
CON:
While automated grading may seem to offer time savings for educators, we must not overlook the serious issue of algorithmic bias which systematically puts certain student demographics at a disadvantage, potentially exacerbating educational inequalities and undermining critical thinking by perpetuating biased feedback loops.
----------------------------------------
2025-07-08 22:19:55 - 
----------------------------------------
PRO:
Adaptive learning technologies are designed to identify individual student needs, allowing for personalized education that can improve outcomes and mitigate the risks of algorithmic bias by providing tailored support where it's most needed. While no system is perfect, continuous monitoring and updates ensure fairness in automated grading processes over time. Thus, with proper oversight, adaptive learning not only supports educators but also promotes equity within education systems.
----------------------------------------
2025-07-08 22:19:55 - 
========================================
ROUND 3
========================================
2025-07-08 22:20:04 - 
----------------------------------------
CON:
While adaptive learning technologies aim to personalize education, they cannot replicate the nuanced understanding of student emotions that only a human teacher can provide. The absence of genuine compassion and support from an AI system could negatively affect students who are struggling not just academically but emotionally as well. Therefore, despite their potential benefits in customizing learning experiences, adaptive technologies cannot fully replace the irreplaceable role of a human teacher' endowed with emotional intelligence.
----------------------------------------
2025-07-08 22:20:12 - 
----------------------------------------
PRO:
While it's true that human teachers offer unique emotional support, the availability of an AI tutor provides consistent and immediate assistance round-the-clock, ensuring no student falls behind due to lack of access or time constraints with a teacher. Furthermore, advancements in natural language processing are continually improving how AI understands context and emotion, closing the gap between machine responses and human warmth incrementally each day.
----------------------------------------
2025-07-08 22:20:12 - 
========================================
=== DEBATE CONCLUDED ===
========================================
2025-07-08 22:20:12 - 
Full debate transcript saved to: F:\2025\trying for intern\ethical ai\outputs\debate_20250708_221915.log
